<?xml version="1.0" encoding="UTF-8"?>
<!-- Generated by org.testng.reporters.JUnitXMLReporter -->
<testsuite ignored="0" hostname="DESKTOP-K0ONJ7J" failures="1" tests="1" name="Dashboard Tests" time="22.903" errors="0" timestamp="2025-12-15T17:54:13 IST">
  <testcase classname="com.securebankdemo.Tests.DashboardTests" name="ValidateAccountCreation" time="9.615">
    <failure type="org.openqa.selenium.ElementClickInterceptedException" message="Element &amp;lt;a id=&amp;quot;nav-dashboard&amp;quot; class=&amp;quot;px-4 py-2 rounded-md font-medium transition-all text-foreground hover:bg-accent hover:-translate-y-0.5&amp;quot; href=&amp;quot;/bank/dashboard&amp;quot;&amp;gt; is not clickable at point (637,28) because another element &amp;lt;div class=&amp;quot;fixed inset-0 z-50 bg-black/80 data-[state=open]:animate-in data-[state=closed]:animate-out data-[state=closed]:fade-out-0 data-[state=open]:fade-in-0&amp;quot;&amp;gt; obscures it
Build info: version: &amp;apos;4.24.0&amp;apos;, revision: &amp;apos;748ffc9bc3&amp;apos;
System info: os.name: &amp;apos;Windows 10&amp;apos;, os.arch: &amp;apos;amd64&amp;apos;, os.version: &amp;apos;10.0&amp;apos;, java.version: &amp;apos;11.0.24&amp;apos;
Driver info: org.openqa.selenium.firefox.FirefoxDriver
Command: [692ca0d9-ea75-459d-a548-7b438ae47906, clickElement {id=8738c439-7c0c-458c-8728-acbf42044fe5}]
Capabilities {acceptInsecureCerts: true, browserName: firefox, browserVersion: 146.0, moz:accessibilityChecks: false, moz:buildID: 20251205151434, moz:geckodriverVersion: 0.36.0, moz:headless: false, moz:platformVersion: 10.0, moz:processID: 17400, moz:profile: C:\Users\User\AppData\Local..., moz:shutdownTimeout: 60000, moz:webdriverClick: true, moz:windowless: false, pageLoadStrategy: normal, platformName: windows, proxy: Proxy(), setWindowRect: true, strictFileInteractability: false, timeouts: {implicit: 0, pageLoad: 300000, script: 30000}, unhandledPromptBehavior: dismiss and notify, userAgent: Mozilla/5.0 (Windows NT 10....}
Element: [[FirefoxDriver: firefox on windows (692ca0d9-ea75-459d-a548-7b438ae47906)] -&amp;gt; xpath: //a[@data-testid=&amp;apos;nav-dashboard&amp;apos;]]
Session ID: 692ca0d9-ea75-459d-a548-7b438ae47906">
      <![CDATA[org.openqa.selenium.ElementClickInterceptedException: Element <a id="nav-dashboard" class="px-4 py-2 rounded-md font-medium transition-all text-foreground hover:bg-accent hover:-translate-y-0.5" href="/bank/dashboard"> is not clickable at point (637,28) because another element <div class="fixed inset-0 z-50 bg-black/80 data-[state=open]:animate-in data-[state=closed]:animate-out data-[state=closed]:fade-out-0 data-[state=open]:fade-in-0"> obscures it
Build info: version: '4.24.0', revision: '748ffc9bc3'
System info: os.name: 'Windows 10', os.arch: 'amd64', os.version: '10.0', java.version: '11.0.24'
Driver info: org.openqa.selenium.firefox.FirefoxDriver
Command: [692ca0d9-ea75-459d-a548-7b438ae47906, clickElement {id=8738c439-7c0c-458c-8728-acbf42044fe5}]
Capabilities {acceptInsecureCerts: true, browserName: firefox, browserVersion: 146.0, moz:accessibilityChecks: false, moz:buildID: 20251205151434, moz:geckodriverVersion: 0.36.0, moz:headless: false, moz:platformVersion: 10.0, moz:processID: 17400, moz:profile: C:\Users\User\AppData\Local..., moz:shutdownTimeout: 60000, moz:webdriverClick: true, moz:windowless: false, pageLoadStrategy: normal, platformName: windows, proxy: Proxy(), setWindowRect: true, strictFileInteractability: false, timeouts: {implicit: 0, pageLoad: 300000, script: 30000}, unhandledPromptBehavior: dismiss and notify, userAgent: Mozilla/5.0 (Windows NT 10....}
Element: [[FirefoxDriver: firefox on windows (692ca0d9-ea75-459d-a548-7b438ae47906)] -> xpath: //a[@data-testid='nav-dashboard']]
Session ID: 692ca0d9-ea75-459d-a548-7b438ae47906
at org.openqa.selenium.remote.ErrorCodec.decode(ErrorCodec.java:167)
at org.openqa.selenium.remote.codec.w3c.W3CHttpResponseCodec.decode(W3CHttpResponseCodec.java:138)
at org.openqa.selenium.remote.codec.w3c.W3CHttpResponseCodec.decode(W3CHttpResponseCodec.java:50)
at org.openqa.selenium.remote.HttpCommandExecutor.execute(HttpCommandExecutor.java:190)
at org.openqa.selenium.remote.service.DriverCommandExecutor.invokeExecute(DriverCommandExecutor.java:216)
at org.openqa.selenium.remote.service.DriverCommandExecutor.execute(DriverCommandExecutor.java:174)
at org.openqa.selenium.remote.RemoteWebDriver.execute(RemoteWebDriver.java:545)
at org.openqa.selenium.remote.RemoteWebElement.execute(RemoteWebElement.java:223)
at org.openqa.selenium.remote.RemoteWebElement.click(RemoteWebElement.java:76)
at com.securebankdemo.Utilities.ActionsUtility.click(ActionsUtility.java:35)
at com.securebankdemo.Components.GlobalNav.clickOnDashboard(GlobalNav.java:22)
at com.securebankdemo.Tests.DashboardTests.ValidateAccountCreation(DashboardTests.java:28)
at java.base/java.util.ArrayList.forEach(ArrayList.java:1541)
at java.base/java.util.concurrent.FutureTask.run(FutureTask.java:264)
at java.base/java.util.concurrent.ThreadPoolExecutor.runWorker(ThreadPoolExecutor.java:1128)
at java.base/java.util.concurrent.ThreadPoolExecutor$Worker.run(ThreadPoolExecutor.java:628)
at java.base/java.lang.Thread.run(Thread.java:834)
... Removed 22 stack frames]]>
    </failure>
  </testcase> <!-- ValidateAccountCreation -->
</testsuite> <!-- Dashboard Tests -->
