<?xml version="1.0" encoding="UTF-8"?>
<!-- Generated by org.testng.reporters.JUnitXMLReporter -->
<testsuite ignored="0" hostname="DESKTOP-K0ONJ7J" failures="3" tests="5" name="Login Tests" time="22.231" errors="0" timestamp="2025-12-05T19:44:46 IST">
  <testcase classname="com.securebankdemo.Tests.LoginTestes" name="testAllInvalidLogins" time="5.613">
    <failure type="java.lang.AssertionError" message="user should not be redirect to Homepage for Invalid user  did not expect [https://www.qaplayground.com/bank] but found [https://www.qaplayground.com/bank]">
      <![CDATA[java.lang.AssertionError: user should not be redirect to Homepage for Invalid user  did not expect [https://www.qaplayground.com/bank] but found [https://www.qaplayground.com/bank]
at com.securebankdemo.Tests.LoginTestes.testAllInvalidLogins(LoginTestes.java:52)
at java.base/java.util.concurrent.FutureTask.run(FutureTask.java:264)
at java.base/java.util.concurrent.Executors$RunnableAdapter.call(Executors.java:515)
at java.base/java.util.concurrent.FutureTask.run(FutureTask.java:264)
at java.base/java.util.concurrent.ThreadPoolExecutor.runWorker(ThreadPoolExecutor.java:1128)
at java.base/java.util.concurrent.ThreadPoolExecutor$Worker.run(ThreadPoolExecutor.java:628)
at java.base/java.lang.Thread.run(Thread.java:834)
... Removed 13 stack frames]]>
    </failure>
  </testcase> <!-- testAllInvalidLogins -->
  <testcase classname="com.securebankdemo.Tests.LoginTestes" name="testAllInvalidLogins" time="5.428"/>
  <testcase classname="com.securebankdemo.Tests.LoginTestes" name="testAllInvalidLogins" time="5.521">
    <failure type="java.lang.AssertionError" message="user should not be redirect to Homepage for Invalid user  did not expect [https://www.qaplayground.com/bank/dashboard] but found [https://www.qaplayground.com/bank/dashboard]">
      <![CDATA[java.lang.AssertionError: user should not be redirect to Homepage for Invalid user  did not expect [https://www.qaplayground.com/bank/dashboard] but found [https://www.qaplayground.com/bank/dashboard]
at com.securebankdemo.Tests.LoginTestes.testAllInvalidLogins(LoginTestes.java:45)
at java.base/java.util.concurrent.FutureTask.run(FutureTask.java:264)
at java.base/java.util.concurrent.Executors$RunnableAdapter.call(Executors.java:515)
at java.base/java.util.concurrent.FutureTask.run(FutureTask.java:264)
at java.base/java.util.concurrent.ThreadPoolExecutor.runWorker(ThreadPoolExecutor.java:1128)
at java.base/java.util.concurrent.ThreadPoolExecutor$Worker.run(ThreadPoolExecutor.java:628)
at java.base/java.lang.Thread.run(Thread.java:834)
... Removed 13 stack frames]]>
    </failure>
  </testcase> <!-- testAllInvalidLogins -->
  <testcase classname="com.securebankdemo.Tests.LoginTestes" name="testAllInvalidLogins" time="5.081">
    <failure type="java.lang.AssertionError" message="user should not be redirect to Homepage for Invalid user  did not expect [https://www.qaplayground.com/bank/dashboard] but found [https://www.qaplayground.com/bank/dashboard]">
      <![CDATA[java.lang.AssertionError: user should not be redirect to Homepage for Invalid user  did not expect [https://www.qaplayground.com/bank/dashboard] but found [https://www.qaplayground.com/bank/dashboard]
at com.securebankdemo.Tests.LoginTestes.testAllInvalidLogins(LoginTestes.java:45)
at java.base/java.util.concurrent.FutureTask.run(FutureTask.java:264)
at java.base/java.util.concurrent.Executors$RunnableAdapter.call(Executors.java:515)
at java.base/java.util.concurrent.FutureTask.run(FutureTask.java:264)
at java.base/java.util.concurrent.ThreadPoolExecutor.runWorker(ThreadPoolExecutor.java:1128)
at java.base/java.util.concurrent.ThreadPoolExecutor$Worker.run(ThreadPoolExecutor.java:628)
at java.base/java.lang.Thread.run(Thread.java:834)
... Removed 13 stack frames]]>
    </failure>
  </testcase> <!-- testAllInvalidLogins -->
  <testcase classname="com.securebankdemo.Tests.LoginTestes" name="testValidLogin" time="4.641"/>
</testsuite> <!-- Login Tests -->
