<?xml version="1.0" encoding="UTF-8"?>
<!-- Generated by org.testng.reporters.JUnitXMLReporter -->
<testsuite ignored="0" hostname="DESKTOP-K0ONJ7J" failures="0" tests="2" name="Login Tests" time="17.027" errors="0" timestamp="2025-12-15T17:56:21 IST">
  <testcase classname="com.securebankdemo.Tests.LoginTestes" name="ValidateLoginForValidUser" time="5.0"/>
  <testcase classname="com.securebankdemo.Tests.DashboardTests" name="ValidateAccountCreation" time="9.33"/>
</testsuite> <!-- Login Tests -->
