<?xml version="1.0" encoding="UTF-8"?>
<!-- Generated by org.testng.reporters.JUnitXMLReporter -->
<testsuite ignored="1" hostname="DESKTOP-K0ONJ7J" failures="0" tests="4" name="Test1" time="33.923" errors="0" timestamp="2025-12-05T13:44:59 IST">
  <testcase classname="com.securebankdemo.Tests.LoginTestes" name="testAllInvalidLogins" time="4.763"/>
  <testcase classname="com.securebankdemo.Tests.LoginTestes" name="testAllInvalidLogins" time="4.757"/>
  <testcase classname="com.securebankdemo.Tests.LoginTestes" name="testAllInvalidLogins" time="4.76"/>
  <testcase classname="com.securebankdemo.Tests.LoginTestes" name="testAllInvalidLogins" time="4.68"/>
  <testcase classname="com.securebankdemo.Tests.LoginTestes" name="testValidLogin" time="0.0">
    <ignored/>
  </testcase> <!-- testValidLogin -->
</testsuite> <!-- Test1 -->
