<?xml version="1.0" encoding="UTF-8"?>
<!-- Generated by org.testng.reporters.JUnitXMLReporter -->
<testsuite ignored="0" hostname="DESKTOP-K0ONJ7J" failures="1" tests="2" name="Test" time="10.259" errors="0" timestamp="2025-12-06T14:46:32 IST">
  <testcase classname="com.securebankdemo.Tests.LoginTestes" name="testValidLogin" time="4.852"/>
  <testcase classname="com.securebankdemo.Tests.LoginTestesDDT" name="testAllInvalidLogins" time="0.0">
    <failure type="org.testng.TestNGException" message="
Method public void com.securebankdemo.Tests.LoginTestesDDT.testAllInvalidLogins(java.lang.String,java.lang.String,java.lang.String) requires a @DataProvider named : logindata in class com.securebankdemo.Utilities.DataProviders">
      <![CDATA[org.testng.TestNGException: 
Method public void com.securebankdemo.Tests.LoginTestesDDT.testAllInvalidLogins(java.lang.String,java.lang.String,java.lang.String) requires a @DataProvider named : logindata in class com.securebankdemo.Utilities.DataProviders
at java.base/java.util.ArrayList.forEach(ArrayList.java:1541)
... Removed 24 stack frames]]>
    </failure>
  </testcase> <!-- testAllInvalidLogins -->
</testsuite> <!-- Test -->
