<?xml version="1.0" encoding="UTF-8"?>
<!-- Generated by org.testng.reporters.JUnitXMLReporter -->
<testsuite ignored="1" hostname="DESKTOP-K0ONJ7J" failures="0" tests="4" name="Test" time="37.716" errors="0" timestamp="2025-12-05T13:44:25 IST">
  <testcase classname="com.securebankdemo.Tests.LoginTestes" name="testAllInvalidLogins" time="4.758"/>
  <testcase classname="com.securebankdemo.Tests.LoginTestes" name="testAllInvalidLogins" time="4.756"/>
  <testcase classname="com.securebankdemo.Tests.LoginTestes" name="testAllInvalidLogins" time="4.825"/>
  <testcase classname="com.securebankdemo.Tests.LoginTestes" name="testAllInvalidLogins" time="5.369"/>
  <testcase classname="com.securebankdemo.Tests.LoginTestes" name="testValidLogin" time="0.0">
    <ignored/>
  </testcase> <!-- testValidLogin -->
</testsuite> <!-- Test -->
