<?xml version="1.0" encoding="UTF-8"?>
<!-- Generated by org.testng.reporters.JUnitXMLReporter -->
<testsuite ignored="0" hostname="DESKTOP-K0ONJ7J" failures="3" tests="9" name="Test" time="137.57" errors="0" timestamp="2025-12-06T14:13:12 IST">
  <testcase classname="com.securebankdemo.Tests.LoginTestes" name="testValidLogin" time="4.911"/>
  <testcase classname="com.securebankdemo.Tests.LoginTestesDDT" name="testAllInvalidLogins" time="4.945"/>
  <testcase classname="com.securebankdemo.Tests.LoginTestesDDT" name="testAllInvalidLogins" time="4.916">
    <failure type="java.lang.AssertionError" message="user should not be redirect to Homepage for Invalid user  did not expect [https://www.qaplayground.com/bank/dashboard] but found [https://www.qaplayground.com/bank/dashboard]">
      <![CDATA[java.lang.AssertionError: user should not be redirect to Homepage for Invalid user  did not expect [https://www.qaplayground.com/bank/dashboard] but found [https://www.qaplayground.com/bank/dashboard]
at com.securebankdemo.Tests.LoginTestesDDT.testAllInvalidLogins(LoginTestesDDT.java:29)
at java.base/java.util.ArrayList.forEach(ArrayList.java:1541)
... Removed 35 stack frames]]>
    </failure>
  </testcase> <!-- testAllInvalidLogins -->
  <testcase classname="com.securebankdemo.Tests.LoginTestesDDT" name="testAllInvalidLogins" time="5.054">
    <failure type="java.lang.AssertionError" message="user should not be redirect to Homepage for Invalid user  did not expect [https://www.qaplayground.com/bank/dashboard] but found [https://www.qaplayground.com/bank/dashboard]">
      <![CDATA[java.lang.AssertionError: user should not be redirect to Homepage for Invalid user  did not expect [https://www.qaplayground.com/bank/dashboard] but found [https://www.qaplayground.com/bank/dashboard]
at com.securebankdemo.Tests.LoginTestesDDT.testAllInvalidLogins(LoginTestesDDT.java:29)
at java.base/java.util.ArrayList.forEach(ArrayList.java:1541)
... Removed 35 stack frames]]>
    </failure>
  </testcase> <!-- testAllInvalidLogins -->
  <testcase classname="com.securebankdemo.Tests.LoginTestesDDT" name="testAllInvalidLogins" time="5.095">
    <failure type="java.lang.AssertionError" message="user should not be redirect to Homepage for Invalid user  did not expect [https://www.qaplayground.com/bank] but found [https://www.qaplayground.com/bank]">
      <![CDATA[java.lang.AssertionError: user should not be redirect to Homepage for Invalid user  did not expect [https://www.qaplayground.com/bank] but found [https://www.qaplayground.com/bank]
at com.securebankdemo.Tests.LoginTestesDDT.testAllInvalidLogins(LoginTestesDDT.java:36)
at java.base/java.util.ArrayList.forEach(ArrayList.java:1541)
... Removed 35 stack frames]]>
    </failure>
  </testcase> <!-- testAllInvalidLogins -->
  <testcase classname="com.securebankdemo.Tests.LoginTestesDDT" name="testAllInvalidLogins" time="4.893"/>
  <testcase classname="com.securebankdemo.Tests.LoginTestesDDT" name="testAllInvalidLogins" time="4.742"/>
  <testcase classname="com.securebankdemo.Tests.LoginTestesDDT" name="testAllInvalidLogins" time="4.883"/>
  <testcase classname="com.securebankdemo.Tests.LoginTestesDDT" name="testAllInvalidLogins" time="4.906"/>
</testsuite> <!-- Test -->
