<?xml version="1.0" encoding="UTF-8"?>
<testsuite xmlns:xsi="http://www.w3.org/2001/XMLSchema-instance" xsi:noNamespaceSchemaLocation="https://maven.apache.org/surefire/maven-surefire-plugin/xsd/surefire-test-report-3.0.xsd" version="3.0" name="TestSuite" time="140.069" tests="9" errors="0" skipped="0" failures="3">
  <properties>
[...]
</properties>
  <testcase name="testValidLogin" classname="com.securebankdemo.Tests.LoginTestes" time="4.937">
    <system-out><![CDATA[2025-12-06 14:10:54 [main] INFO  LogUtility - Starting the Webdriver 
2025-12-06 14:10:54 [main] INFO  LogUtility - The driver is initialized with firefox
2025-12-06 14:11:04 [main] INFO  LogUtility - Starting the login test 
2025-12-06 14:11:04 [main] INFO  LogUtility - Adding the credentials and clicing on loginbutton 
2025-12-06 14:11:04 [main] INFO  LogUtility - entering the userNmae
2025-12-06 14:11:06 [main] INFO  LogUtility - entering the password
2025-12-06 14:11:07 [main] INFO  LogUtility - Clicking on the Remember Checkbox
2025-12-06 14:11:08 [main] INFO  LogUtility - Clicking on the Login button
2025-12-06 14:11:08 [main] INFO  LogUtility - Navigating to Homepage 
]]></system-out>
    <system-err><![CDATA[SLF4J: Failed to load class "org.slf4j.impl.StaticLoggerBinder".
SLF4J: Defaulting to no-operation (NOP) logger implementation
SLF4J: See http://www.slf4j.org/codes.html#StaticLoggerBinder for further details.
2025-12-06T08:40:54.450320400Z main INFO Starting configuration XmlConfiguration[location=C:\KoushikEclipsWorkspace\SecureBankDemoSelenium\target\classes\log4j2.xml, lastModified=2025-12-06T08:40:46.630Z]...
2025-12-06T08:40:54.454321600Z main INFO Configuration XmlConfiguration[location=C:\KoushikEclipsWorkspace\SecureBankDemoSelenium\target\classes\log4j2.xml, lastModified=2025-12-06T08:40:46.630Z] started.
2025-12-06T08:40:54.458325600Z main INFO Stopping configuration org.apache.logging.log4j.core.config.DefaultConfiguration@6722db6e...
2025-12-06T08:40:54.459320800Z main INFO Configuration org.apache.logging.log4j.core.config.DefaultConfiguration@6722db6e stopped.
]]></system-err>
  </testcase>
  <testcase name="testAllInvalidLogins[admin, admin123, success](1)" classname="com.securebankdemo.Tests.LoginTestesDDT" time="4.943">
    <system-out><![CDATA[2025-12-06 14:11:09 [main] INFO  LogUtility - Closing the Webdriver 
2025-12-06 14:11:13 [main] INFO  LogUtility - Starting the Webdriver 
2025-12-06 14:11:13 [main] INFO  LogUtility - The driver is initialized with firefox
2025-12-06 14:11:22 [main] INFO  LogUtility - Starting the login test with user :admin | admin123 | 
2025-12-06 14:11:22 [main] INFO  LogUtility - entering the userNmae
2025-12-06 14:11:23 [main] INFO  LogUtility - entering the password
2025-12-06 14:11:25 [main] INFO  LogUtility - Clicking on the Remember Checkbox
2025-12-06 14:11:26 [main] INFO  LogUtility - Clicking on the Login button
]]></system-out>
  </testcase>
  <testcase name="testAllInvalidLogins[koushik, admin123, falied](2)" classname="com.securebankdemo.Tests.LoginTestesDDT" time="5.179">
    <failure message="user should not be redirect to Homepage for Invalid user  did not expect [https://www.qaplayground.com/bank/dashboard] but found [https://www.qaplayground.com/bank/dashboard]" type="java.lang.AssertionError"><![CDATA[java.lang.AssertionError: user should not be redirect to Homepage for Invalid user  did not expect [https://www.qaplayground.com/bank/dashboard] but found [https://www.qaplayground.com/bank/dashboard]
	at org.testng.Assert.fail(Assert.java:111)
	at org.testng.Assert.failEquals(Assert.java:1582)
	at org.testng.Assert.assertNotEqualsImpl(Assert.java:157)
	at org.testng.Assert.assertNotEquals(Assert.java:2201)
	at com.securebankdemo.Tests.LoginTestesDDT.testAllInvalidLogins(LoginTestesDDT.java:29)
	at java.base/jdk.internal.reflect.NativeMethodAccessorImpl.invoke0(Native Method)
	at java.base/jdk.internal.reflect.NativeMethodAccessorImpl.invoke(NativeMethodAccessorImpl.java:62)
	at java.base/jdk.internal.reflect.DelegatingMethodAccessorImpl.invoke(DelegatingMethodAccessorImpl.java:43)
	at java.base/java.lang.reflect.Method.invoke(Method.java:566)
	at org.testng.internal.invokers.MethodInvocationHelper.invokeMethod(MethodInvocationHelper.java:141)
	at org.testng.internal.invokers.TestInvoker.invokeMethod(TestInvoker.java:686)
	at org.testng.internal.invokers.TestInvoker.invokeTestMethod(TestInvoker.java:230)
	at org.testng.internal.invokers.MethodRunner.runInSequence(MethodRunner.java:63)
	at org.testng.internal.invokers.TestInvoker$MethodInvocationAgent.invoke(TestInvoker.java:992)
	at org.testng.internal.invokers.TestInvoker.invokeTestMethods(TestInvoker.java:203)
	at org.testng.internal.invokers.TestMethodWorker.invokeTestMethods(TestMethodWorker.java:154)
	at org.testng.internal.invokers.TestMethodWorker.run(TestMethodWorker.java:134)
	at java.base/java.util.ArrayList.forEach(ArrayList.java:1541)
	at org.testng.TestRunner.privateRun(TestRunner.java:739)
	at org.testng.TestRunner.run(TestRunner.java:614)
	at org.testng.SuiteRunner.runTest(SuiteRunner.java:421)
	at org.testng.SuiteRunner.runSequentially(SuiteRunner.java:413)
	at org.testng.SuiteRunner.privateRun(SuiteRunner.java:373)
	at org.testng.SuiteRunner.run(SuiteRunner.java:312)
	at org.testng.SuiteRunnerWorker.runSuite(SuiteRunnerWorker.java:52)
	at org.testng.SuiteRunnerWorker.run(SuiteRunnerWorker.java:95)
	at org.testng.TestNG.runSuitesSequentially(TestNG.java:1274)
	at org.testng.TestNG.runSuitesLocally(TestNG.java:1208)
	at org.testng.TestNG.runSuites(TestNG.java:1112)
	at org.testng.TestNG.run(TestNG.java:1079)
	at org.apache.maven.surefire.testng.TestNGExecutor.run(TestNGExecutor.java:324)
	at org.apache.maven.surefire.testng.TestNGXmlTestSuite.execute(TestNGXmlTestSuite.java:74)
	at org.apache.maven.surefire.testng.TestNGProvider.invoke(TestNGProvider.java:123)
	at org.apache.maven.surefire.booter.ForkedBooter.runSuitesInProcess(ForkedBooter.java:456)
	at org.apache.maven.surefire.booter.ForkedBooter.execute(ForkedBooter.java:169)
	at org.apache.maven.surefire.booter.ForkedBooter.run(ForkedBooter.java:595)
	at org.apache.maven.surefire.booter.ForkedBooter.main(ForkedBooter.java:581)
]]></failure>
    <system-out><![CDATA[2025-12-06 14:11:27 [main] INFO  LogUtility - Closing the Webdriver 
2025-12-06 14:11:28 [main] INFO  LogUtility - Starting the Webdriver 
2025-12-06 14:11:28 [main] INFO  LogUtility - The driver is initialized with firefox
2025-12-06 14:11:35 [main] INFO  LogUtility - Starting the login test with user :koushik | admin123 | 
2025-12-06 14:11:35 [main] INFO  LogUtility - entering the userNmae
2025-12-06 14:11:37 [main] INFO  LogUtility - entering the password
2025-12-06 14:11:38 [main] INFO  LogUtility - Clicking on the Remember Checkbox
2025-12-06 14:11:39 [main] INFO  LogUtility - Clicking on the Login button
2025-12-06 14:11:40 [main] INFO  LogUtility - the screenshot is captured and saved in path :C:\KoushikEclipsWorkspace\SecureBankDemoSelenium/screenshots/testAllInvalidLogins1765010500676.png
]]></system-out>
  </testcase>
  <testcase name="testAllInvalidLogins[admin, admin123334, falied](3)" classname="com.securebankdemo.Tests.LoginTestesDDT" time="5.202">
    <failure message="user should not be redirect to Homepage for Invalid user  did not expect [https://www.qaplayground.com/bank/dashboard] but found [https://www.qaplayground.com/bank/dashboard]" type="java.lang.AssertionError"><![CDATA[java.lang.AssertionError: user should not be redirect to Homepage for Invalid user  did not expect [https://www.qaplayground.com/bank/dashboard] but found [https://www.qaplayground.com/bank/dashboard]
	at org.testng.Assert.fail(Assert.java:111)
	at org.testng.Assert.failEquals(Assert.java:1582)
	at org.testng.Assert.assertNotEqualsImpl(Assert.java:157)
	at org.testng.Assert.assertNotEquals(Assert.java:2201)
	at com.securebankdemo.Tests.LoginTestesDDT.testAllInvalidLogins(LoginTestesDDT.java:29)
	at java.base/jdk.internal.reflect.NativeMethodAccessorImpl.invoke0(Native Method)
	at java.base/jdk.internal.reflect.NativeMethodAccessorImpl.invoke(NativeMethodAccessorImpl.java:62)
	at java.base/jdk.internal.reflect.DelegatingMethodAccessorImpl.invoke(DelegatingMethodAccessorImpl.java:43)
	at java.base/java.lang.reflect.Method.invoke(Method.java:566)
	at org.testng.internal.invokers.MethodInvocationHelper.invokeMethod(MethodInvocationHelper.java:141)
	at org.testng.internal.invokers.TestInvoker.invokeMethod(TestInvoker.java:686)
	at org.testng.internal.invokers.TestInvoker.invokeTestMethod(TestInvoker.java:230)
	at org.testng.internal.invokers.MethodRunner.runInSequence(MethodRunner.java:63)
	at org.testng.internal.invokers.TestInvoker$MethodInvocationAgent.invoke(TestInvoker.java:992)
	at org.testng.internal.invokers.TestInvoker.invokeTestMethods(TestInvoker.java:203)
	at org.testng.internal.invokers.TestMethodWorker.invokeTestMethods(TestMethodWorker.java:154)
	at org.testng.internal.invokers.TestMethodWorker.run(TestMethodWorker.java:134)
	at java.base/java.util.ArrayList.forEach(ArrayList.java:1541)
	at org.testng.TestRunner.privateRun(TestRunner.java:739)
	at org.testng.TestRunner.run(TestRunner.java:614)
	at org.testng.SuiteRunner.runTest(SuiteRunner.java:421)
	at org.testng.SuiteRunner.runSequentially(SuiteRunner.java:413)
	at org.testng.SuiteRunner.privateRun(SuiteRunner.java:373)
	at org.testng.SuiteRunner.run(SuiteRunner.java:312)
	at org.testng.SuiteRunnerWorker.runSuite(SuiteRunnerWorker.java:52)
	at org.testng.SuiteRunnerWorker.run(SuiteRunnerWorker.java:95)
	at org.testng.TestNG.runSuitesSequentially(TestNG.java:1274)
	at org.testng.TestNG.runSuitesLocally(TestNG.java:1208)
	at org.testng.TestNG.runSuites(TestNG.java:1112)
	at org.testng.TestNG.run(TestNG.java:1079)
	at org.apache.maven.surefire.testng.TestNGExecutor.run(TestNGExecutor.java:324)
	at org.apache.maven.surefire.testng.TestNGXmlTestSuite.execute(TestNGXmlTestSuite.java:74)
	at org.apache.maven.surefire.testng.TestNGProvider.invoke(TestNGProvider.java:123)
	at org.apache.maven.surefire.booter.ForkedBooter.runSuitesInProcess(ForkedBooter.java:456)
	at org.apache.maven.surefire.booter.ForkedBooter.execute(ForkedBooter.java:169)
	at org.apache.maven.surefire.booter.ForkedBooter.run(ForkedBooter.java:595)
	at org.apache.maven.surefire.booter.ForkedBooter.main(ForkedBooter.java:581)
]]></failure>
    <system-out><![CDATA[2025-12-06 14:11:40 [main] INFO  LogUtility - Closing the Webdriver 
2025-12-06 14:11:42 [main] INFO  LogUtility - Starting the Webdriver 
2025-12-06 14:11:42 [main] INFO  LogUtility - The driver is initialized with firefox
2025-12-06 14:11:49 [main] INFO  LogUtility - Starting the login test with user :admin | admin123334 | 
2025-12-06 14:11:49 [main] INFO  LogUtility - entering the userNmae
2025-12-06 14:11:51 [main] INFO  LogUtility - entering the password
2025-12-06 14:11:52 [main] INFO  LogUtility - Clicking on the Remember Checkbox
2025-12-06 14:11:53 [main] INFO  LogUtility - Clicking on the Login button
2025-12-06 14:11:55 [main] INFO  LogUtility - the screenshot is captured and saved in path :C:\KoushikEclipsWorkspace\SecureBankDemoSelenium/screenshots/testAllInvalidLogins1765010515022.png
]]></system-out>
  </testcase>
  <testcase name="testAllInvalidLogins[, , empty](4)" classname="com.securebankdemo.Tests.LoginTestesDDT" time="5.246">
    <failure message="user should not be redirect to Homepage for Invalid user  did not expect [https://www.qaplayground.com/bank] but found [https://www.qaplayground.com/bank]" type="java.lang.AssertionError"><![CDATA[java.lang.AssertionError: user should not be redirect to Homepage for Invalid user  did not expect [https://www.qaplayground.com/bank] but found [https://www.qaplayground.com/bank]
	at org.testng.Assert.fail(Assert.java:111)
	at org.testng.Assert.failEquals(Assert.java:1582)
	at org.testng.Assert.assertNotEqualsImpl(Assert.java:157)
	at org.testng.Assert.assertNotEquals(Assert.java:2201)
	at com.securebankdemo.Tests.LoginTestesDDT.testAllInvalidLogins(LoginTestesDDT.java:36)
	at java.base/jdk.internal.reflect.NativeMethodAccessorImpl.invoke0(Native Method)
	at java.base/jdk.internal.reflect.NativeMethodAccessorImpl.invoke(NativeMethodAccessorImpl.java:62)
	at java.base/jdk.internal.reflect.DelegatingMethodAccessorImpl.invoke(DelegatingMethodAccessorImpl.java:43)
	at java.base/java.lang.reflect.Method.invoke(Method.java:566)
	at org.testng.internal.invokers.MethodInvocationHelper.invokeMethod(MethodInvocationHelper.java:141)
	at org.testng.internal.invokers.TestInvoker.invokeMethod(TestInvoker.java:686)
	at org.testng.internal.invokers.TestInvoker.invokeTestMethod(TestInvoker.java:230)
	at org.testng.internal.invokers.MethodRunner.runInSequence(MethodRunner.java:63)
	at org.testng.internal.invokers.TestInvoker$MethodInvocationAgent.invoke(TestInvoker.java:992)
	at org.testng.internal.invokers.TestInvoker.invokeTestMethods(TestInvoker.java:203)
	at org.testng.internal.invokers.TestMethodWorker.invokeTestMethods(TestMethodWorker.java:154)
	at org.testng.internal.invokers.TestMethodWorker.run(TestMethodWorker.java:134)
	at java.base/java.util.ArrayList.forEach(ArrayList.java:1541)
	at org.testng.TestRunner.privateRun(TestRunner.java:739)
	at org.testng.TestRunner.run(TestRunner.java:614)
	at org.testng.SuiteRunner.runTest(SuiteRunner.java:421)
	at org.testng.SuiteRunner.runSequentially(SuiteRunner.java:413)
	at org.testng.SuiteRunner.privateRun(SuiteRunner.java:373)
	at org.testng.SuiteRunner.run(SuiteRunner.java:312)
	at org.testng.SuiteRunnerWorker.runSuite(SuiteRunnerWorker.java:52)
	at org.testng.SuiteRunnerWorker.run(SuiteRunnerWorker.java:95)
	at org.testng.TestNG.runSuitesSequentially(TestNG.java:1274)
	at org.testng.TestNG.runSuitesLocally(TestNG.java:1208)
	at org.testng.TestNG.runSuites(TestNG.java:1112)
	at org.testng.TestNG.run(TestNG.java:1079)
	at org.apache.maven.surefire.testng.TestNGExecutor.run(TestNGExecutor.java:324)
	at org.apache.maven.surefire.testng.TestNGXmlTestSuite.execute(TestNGXmlTestSuite.java:74)
	at org.apache.maven.surefire.testng.TestNGProvider.invoke(TestNGProvider.java:123)
	at org.apache.maven.surefire.booter.ForkedBooter.runSuitesInProcess(ForkedBooter.java:456)
	at org.apache.maven.surefire.booter.ForkedBooter.execute(ForkedBooter.java:169)
	at org.apache.maven.surefire.booter.ForkedBooter.run(ForkedBooter.java:595)
	at org.apache.maven.surefire.booter.ForkedBooter.main(ForkedBooter.java:581)
]]></failure>
    <system-out><![CDATA[2025-12-06 14:11:55 [main] INFO  LogUtility - Closing the Webdriver 
2025-12-06 14:11:57 [main] INFO  LogUtility - Starting the Webdriver 
2025-12-06 14:11:57 [main] INFO  LogUtility - The driver is initialized with firefox
2025-12-06 14:12:04 [main] INFO  LogUtility - Starting the login test with user : |  | 
2025-12-06 14:12:04 [main] INFO  LogUtility - entering the userNmae
2025-12-06 14:12:05 [main] INFO  LogUtility - entering the password
2025-12-06 14:12:06 [main] INFO  LogUtility - Clicking on the Remember Checkbox
2025-12-06 14:12:08 [main] INFO  LogUtility - Clicking on the Login button
2025-12-06 14:12:09 [main] INFO  LogUtility - the screenshot is captured and saved in path :C:\KoushikEclipsWorkspace\SecureBankDemoSelenium/screenshots/testAllInvalidLogins1765010529320.png
]]></system-out>
  </testcase>
  <testcase name="testAllInvalidLogins[, , ](5)" classname="com.securebankdemo.Tests.LoginTestesDDT" time="4.888">
    <system-out><![CDATA[2025-12-06 14:12:09 [main] INFO  LogUtility - Closing the Webdriver 
2025-12-06 14:12:11 [main] INFO  LogUtility - Starting the Webdriver 
2025-12-06 14:12:11 [main] INFO  LogUtility - The driver is initialized with firefox
2025-12-06 14:12:18 [main] INFO  LogUtility - Starting the login test with user : |  | 
2025-12-06 14:12:18 [main] INFO  LogUtility - entering the userNmae
2025-12-06 14:12:19 [main] INFO  LogUtility - entering the password
2025-12-06 14:12:21 [main] INFO  LogUtility - Clicking on the Remember Checkbox
2025-12-06 14:12:22 [main] INFO  LogUtility - Clicking on the Login button
]]></system-out>
  </testcase>
  <testcase name="testAllInvalidLogins[, , ](6)" classname="com.securebankdemo.Tests.LoginTestesDDT" time="4.74">
    <system-out><![CDATA[2025-12-06 14:12:23 [main] INFO  LogUtility - Closing the Webdriver 
2025-12-06 14:12:25 [main] INFO  LogUtility - Starting the Webdriver 
2025-12-06 14:12:25 [main] INFO  LogUtility - The driver is initialized with firefox
2025-12-06 14:12:32 [main] INFO  LogUtility - Starting the login test with user : |  | 
2025-12-06 14:12:32 [main] INFO  LogUtility - entering the userNmae
2025-12-06 14:12:33 [main] INFO  LogUtility - entering the password
2025-12-06 14:12:34 [main] INFO  LogUtility - Clicking on the Remember Checkbox
2025-12-06 14:12:36 [main] INFO  LogUtility - Clicking on the Login button
]]></system-out>
  </testcase>
  <testcase name="testAllInvalidLogins[, , ](7)" classname="com.securebankdemo.Tests.LoginTestesDDT" time="4.88">
    <system-out><![CDATA[2025-12-06 14:12:37 [main] INFO  LogUtility - Closing the Webdriver 
2025-12-06 14:12:39 [main] INFO  LogUtility - Starting the Webdriver 
2025-12-06 14:12:39 [main] INFO  LogUtility - The driver is initialized with firefox
2025-12-06 14:12:46 [main] INFO  LogUtility - Starting the login test with user : |  | 
2025-12-06 14:12:46 [main] INFO  LogUtility - entering the userNmae
2025-12-06 14:12:47 [main] INFO  LogUtility - entering the password
2025-12-06 14:12:49 [main] INFO  LogUtility - Clicking on the Remember Checkbox
2025-12-06 14:12:50 [main] INFO  LogUtility - Clicking on the Login button
]]></system-out>
  </testcase>
  <testcase name="testAllInvalidLogins[, , ](8)" classname="com.securebankdemo.Tests.LoginTestesDDT" time="4.903">
    <system-out><![CDATA[2025-12-06 14:12:51 [main] INFO  LogUtility - Closing the Webdriver 
2025-12-06 14:12:53 [main] INFO  LogUtility - Starting the Webdriver 
2025-12-06 14:12:53 [main] INFO  LogUtility - The driver is initialized with firefox
2025-12-06 14:13:00 [main] INFO  LogUtility - Starting the login test with user : |  | 
2025-12-06 14:13:00 [main] INFO  LogUtility - entering the userNmae
2025-12-06 14:13:01 [main] INFO  LogUtility - entering the password
2025-12-06 14:13:02 [main] INFO  LogUtility - Clicking on the Remember Checkbox
2025-12-06 14:13:03 [main] INFO  LogUtility - Clicking on the Login button
]]></system-out>
  </testcase>
</testsuite>