<?xml version="1.0" encoding="UTF-8"?>
<testng-results ignored="0" total="9" passed="6" failed="3" skipped="0">
  <reporter-output>
  </reporter-output>
  <suite started-at="2025-12-06T14:10:53 IST" name="Suite" finished-at="2025-12-06T14:13:11 IST" duration-ms="137570">
    <groups>
    </groups>
    <test started-at="2025-12-06T14:10:53 IST" name="Test" finished-at="2025-12-06T14:13:11 IST" duration-ms="137570">
      <class name="com.securebankdemo.Tests.LoginTestesDDT">
        <test-method is-config="true" signature="setUp(java.lang.String)[pri:0, instance:com.securebankdemo.Tests.LoginTestesDDT@78641d23]" started-at="2025-12-06T14:11:13 IST" name="setUp" finished-at="2025-12-06T14:11:22 IST" duration-ms="9252" status="PASS">
          <params>
            <param index="0">
              <value>
                <![CDATA[firefox]]>
              </value>
            </param>
          </params>
          <reporter-output>
          </reporter-output>
        </test-method> <!-- setUp -->
        <test-method signature="testAllInvalidLogins(java.lang.String,java.lang.String,java.lang.String)[pri:0, instance:com.securebankdemo.Tests.LoginTestesDDT@78641d23]" started-at="2025-12-06T14:11:22 IST" name="testAllInvalidLogins" data-provider="logindataByExcel" finished-at="2025-12-06T14:11:27 IST" duration-ms="4945" status="PASS">
          <params>
            <param index="0">
              <value>
                <![CDATA[admin]]>
              </value>
            </param>
            <param index="1">
              <value>
                <![CDATA[admin123]]>
              </value>
            </param>
            <param index="2">
              <value>
                <![CDATA[success]]>
              </value>
            </param>
          </params>
          <reporter-output>
          </reporter-output>
        </test-method> <!-- testAllInvalidLogins -->
        <test-method is-config="true" signature="tearDown()[pri:0, instance:com.securebankdemo.Tests.LoginTestesDDT@78641d23]" started-at="2025-12-06T14:11:27 IST" name="tearDown" finished-at="2025-12-06T14:11:28 IST" duration-ms="1536" status="PASS">
          <reporter-output>
          </reporter-output>
        </test-method> <!-- tearDown -->
        <test-method is-config="true" signature="setUp(java.lang.String)[pri:0, instance:com.securebankdemo.Tests.LoginTestesDDT@78641d23]" started-at="2025-12-06T14:11:28 IST" name="setUp" finished-at="2025-12-06T14:11:35 IST" duration-ms="6930" status="PASS">
          <params>
            <param index="0">
              <value>
                <![CDATA[firefox]]>
              </value>
            </param>
          </params>
          <reporter-output>
          </reporter-output>
        </test-method> <!-- setUp -->
        <test-method signature="testAllInvalidLogins(java.lang.String,java.lang.String,java.lang.String)[pri:0, instance:com.securebankdemo.Tests.LoginTestesDDT@78641d23]" started-at="2025-12-06T14:11:35 IST" name="testAllInvalidLogins" data-provider="logindataByExcel" finished-at="2025-12-06T14:11:40 IST" duration-ms="4916" status="FAIL">
          <params>
            <param index="0">
              <value>
                <![CDATA[koushik]]>
              </value>
            </param>
            <param index="1">
              <value>
                <![CDATA[admin123]]>
              </value>
            </param>
            <param index="2">
              <value>
                <![CDATA[falied]]>
              </value>
            </param>
          </params>
          <exception class="java.lang.AssertionError">
            <message>
              <![CDATA[user should not be redirect to Homepage for Invalid user  did not expect [https://www.qaplayground.com/bank/dashboard] but found [https://www.qaplayground.com/bank/dashboard]]]>
            </message>
            <full-stacktrace>
              <![CDATA[java.lang.AssertionError: user should not be redirect to Homepage for Invalid user  did not expect [https://www.qaplayground.com/bank/dashboard] but found [https://www.qaplayground.com/bank/dashboard]
at org.testng.Assert.fail(Assert.java:111)
at org.testng.Assert.failEquals(Assert.java:1582)
at org.testng.Assert.assertNotEqualsImpl(Assert.java:157)
at org.testng.Assert.assertNotEquals(Assert.java:2201)
at com.securebankdemo.Tests.LoginTestesDDT.testAllInvalidLogins(LoginTestesDDT.java:29)
at java.base/jdk.internal.reflect.NativeMethodAccessorImpl.invoke0(Native Method)
at java.base/jdk.internal.reflect.NativeMethodAccessorImpl.invoke(NativeMethodAccessorImpl.java:62)
at java.base/jdk.internal.reflect.DelegatingMethodAccessorImpl.invoke(DelegatingMethodAccessorImpl.java:43)
at java.base/java.lang.reflect.Method.invoke(Method.java:566)
at org.testng.internal.invokers.MethodInvocationHelper.invokeMethod(MethodInvocationHelper.java:141)
at org.testng.internal.invokers.TestInvoker.invokeMethod(TestInvoker.java:686)
at org.testng.internal.invokers.TestInvoker.invokeTestMethod(TestInvoker.java:230)
at org.testng.internal.invokers.MethodRunner.runInSequence(MethodRunner.java:63)
at org.testng.internal.invokers.TestInvoker$MethodInvocationAgent.invoke(TestInvoker.java:992)
at org.testng.internal.invokers.TestInvoker.invokeTestMethods(TestInvoker.java:203)
at org.testng.internal.invokers.TestMethodWorker.invokeTestMethods(TestMethodWorker.java:154)
at org.testng.internal.invokers.TestMethodWorker.run(TestMethodWorker.java:134)
at java.base/java.util.ArrayList.forEach(ArrayList.java:1541)
at org.testng.TestRunner.privateRun(TestRunner.java:739)
at org.testng.TestRunner.run(TestRunner.java:614)
at org.testng.SuiteRunner.runTest(SuiteRunner.java:421)
at org.testng.SuiteRunner.runSequentially(SuiteRunner.java:413)
at org.testng.SuiteRunner.privateRun(SuiteRunner.java:373)
at org.testng.SuiteRunner.run(SuiteRunner.java:312)
at org.testng.SuiteRunnerWorker.runSuite(SuiteRunnerWorker.java:52)
at org.testng.SuiteRunnerWorker.run(SuiteRunnerWorker.java:95)
at org.testng.TestNG.runSuitesSequentially(TestNG.java:1274)
at org.testng.TestNG.runSuitesLocally(TestNG.java:1208)
at org.testng.TestNG.runSuites(TestNG.java:1112)
at org.testng.TestNG.run(TestNG.java:1079)
at org.apache.maven.surefire.testng.TestNGExecutor.run(TestNGExecutor.java:324)
at org.apache.maven.surefire.testng.TestNGXmlTestSuite.execute(TestNGXmlTestSuite.java:74)
at org.apache.maven.surefire.testng.TestNGProvider.invoke(TestNGProvider.java:123)
at org.apache.maven.surefire.booter.ForkedBooter.runSuitesInProcess(ForkedBooter.java:456)
at org.apache.maven.surefire.booter.ForkedBooter.execute(ForkedBooter.java:169)
at org.apache.maven.surefire.booter.ForkedBooter.run(ForkedBooter.java:595)
at org.apache.maven.surefire.booter.ForkedBooter.main(ForkedBooter.java:581)
]]>
            </full-stacktrace>
          </exception> <!-- java.lang.AssertionError -->
          <reporter-output>
          </reporter-output>
        </test-method> <!-- testAllInvalidLogins -->
        <test-method is-config="true" signature="tearDown()[pri:0, instance:com.securebankdemo.Tests.LoginTestesDDT@78641d23]" started-at="2025-12-06T14:11:40 IST" name="tearDown" finished-at="2025-12-06T14:11:42 IST" duration-ms="1989" status="PASS">
          <reporter-output>
          </reporter-output>
        </test-method> <!-- tearDown -->
        <test-method is-config="true" signature="setUp(java.lang.String)[pri:0, instance:com.securebankdemo.Tests.LoginTestesDDT@78641d23]" started-at="2025-12-06T14:11:42 IST" name="setUp" finished-at="2025-12-06T14:11:49 IST" duration-ms="7038" status="PASS">
          <params>
            <param index="0">
              <value>
                <![CDATA[firefox]]>
              </value>
            </param>
          </params>
          <reporter-output>
          </reporter-output>
        </test-method> <!-- setUp -->
        <test-method signature="testAllInvalidLogins(java.lang.String,java.lang.String,java.lang.String)[pri:0, instance:com.securebankdemo.Tests.LoginTestesDDT@78641d23]" started-at="2025-12-06T14:11:49 IST" name="testAllInvalidLogins" data-provider="logindataByExcel" finished-at="2025-12-06T14:11:55 IST" duration-ms="5054" status="FAIL">
          <params>
            <param index="0">
              <value>
                <![CDATA[admin]]>
              </value>
            </param>
            <param index="1">
              <value>
                <![CDATA[admin123334]]>
              </value>
            </param>
            <param index="2">
              <value>
                <![CDATA[falied]]>
              </value>
            </param>
          </params>
          <exception class="java.lang.AssertionError">
            <message>
              <![CDATA[user should not be redirect to Homepage for Invalid user  did not expect [https://www.qaplayground.com/bank/dashboard] but found [https://www.qaplayground.com/bank/dashboard]]]>
            </message>
            <full-stacktrace>
              <![CDATA[java.lang.AssertionError: user should not be redirect to Homepage for Invalid user  did not expect [https://www.qaplayground.com/bank/dashboard] but found [https://www.qaplayground.com/bank/dashboard]
at org.testng.Assert.fail(Assert.java:111)
at org.testng.Assert.failEquals(Assert.java:1582)
at org.testng.Assert.assertNotEqualsImpl(Assert.java:157)
at org.testng.Assert.assertNotEquals(Assert.java:2201)
at com.securebankdemo.Tests.LoginTestesDDT.testAllInvalidLogins(LoginTestesDDT.java:29)
at java.base/jdk.internal.reflect.NativeMethodAccessorImpl.invoke0(Native Method)
at java.base/jdk.internal.reflect.NativeMethodAccessorImpl.invoke(NativeMethodAccessorImpl.java:62)
at java.base/jdk.internal.reflect.DelegatingMethodAccessorImpl.invoke(DelegatingMethodAccessorImpl.java:43)
at java.base/java.lang.reflect.Method.invoke(Method.java:566)
at org.testng.internal.invokers.MethodInvocationHelper.invokeMethod(MethodInvocationHelper.java:141)
at org.testng.internal.invokers.TestInvoker.invokeMethod(TestInvoker.java:686)
at org.testng.internal.invokers.TestInvoker.invokeTestMethod(TestInvoker.java:230)
at org.testng.internal.invokers.MethodRunner.runInSequence(MethodRunner.java:63)
at org.testng.internal.invokers.TestInvoker$MethodInvocationAgent.invoke(TestInvoker.java:992)
at org.testng.internal.invokers.TestInvoker.invokeTestMethods(TestInvoker.java:203)
at org.testng.internal.invokers.TestMethodWorker.invokeTestMethods(TestMethodWorker.java:154)
at org.testng.internal.invokers.TestMethodWorker.run(TestMethodWorker.java:134)
at java.base/java.util.ArrayList.forEach(ArrayList.java:1541)
at org.testng.TestRunner.privateRun(TestRunner.java:739)
at org.testng.TestRunner.run(TestRunner.java:614)
at org.testng.SuiteRunner.runTest(SuiteRunner.java:421)
at org.testng.SuiteRunner.runSequentially(SuiteRunner.java:413)
at org.testng.SuiteRunner.privateRun(SuiteRunner.java:373)
at org.testng.SuiteRunner.run(SuiteRunner.java:312)
at org.testng.SuiteRunnerWorker.runSuite(SuiteRunnerWorker.java:52)
at org.testng.SuiteRunnerWorker.run(SuiteRunnerWorker.java:95)
at org.testng.TestNG.runSuitesSequentially(TestNG.java:1274)
at org.testng.TestNG.runSuitesLocally(TestNG.java:1208)
at org.testng.TestNG.runSuites(TestNG.java:1112)
at org.testng.TestNG.run(TestNG.java:1079)
at org.apache.maven.surefire.testng.TestNGExecutor.run(TestNGExecutor.java:324)
at org.apache.maven.surefire.testng.TestNGXmlTestSuite.execute(TestNGXmlTestSuite.java:74)
at org.apache.maven.surefire.testng.TestNGProvider.invoke(TestNGProvider.java:123)
at org.apache.maven.surefire.booter.ForkedBooter.runSuitesInProcess(ForkedBooter.java:456)
at org.apache.maven.surefire.booter.ForkedBooter.execute(ForkedBooter.java:169)
at org.apache.maven.surefire.booter.ForkedBooter.run(ForkedBooter.java:595)
at org.apache.maven.surefire.booter.ForkedBooter.main(ForkedBooter.java:581)
]]>
            </full-stacktrace>
          </exception> <!-- java.lang.AssertionError -->
          <reporter-output>
          </reporter-output>
        </test-method> <!-- testAllInvalidLogins -->
        <test-method is-config="true" signature="tearDown()[pri:0, instance:com.securebankdemo.Tests.LoginTestesDDT@78641d23]" started-at="2025-12-06T14:11:55 IST" name="tearDown" finished-at="2025-12-06T14:11:57 IST" duration-ms="1874" status="PASS">
          <reporter-output>
          </reporter-output>
        </test-method> <!-- tearDown -->
        <test-method is-config="true" signature="setUp(java.lang.String)[pri:0, instance:com.securebankdemo.Tests.LoginTestesDDT@78641d23]" started-at="2025-12-06T14:11:57 IST" name="setUp" finished-at="2025-12-06T14:12:04 IST" duration-ms="7172" status="PASS">
          <params>
            <param index="0">
              <value>
                <![CDATA[firefox]]>
              </value>
            </param>
          </params>
          <reporter-output>
          </reporter-output>
        </test-method> <!-- setUp -->
        <test-method signature="testAllInvalidLogins(java.lang.String,java.lang.String,java.lang.String)[pri:0, instance:com.securebankdemo.Tests.LoginTestesDDT@78641d23]" started-at="2025-12-06T14:12:04 IST" name="testAllInvalidLogins" data-provider="logindataByExcel" finished-at="2025-12-06T14:12:09 IST" duration-ms="5095" status="FAIL">
          <params>
            <param index="0">
              <value>
                <![CDATA[]]>
              </value>
            </param>
            <param index="1">
              <value>
                <![CDATA[]]>
              </value>
            </param>
            <param index="2">
              <value>
                <![CDATA[empty]]>
              </value>
            </param>
          </params>
          <exception class="java.lang.AssertionError">
            <message>
              <![CDATA[user should not be redirect to Homepage for Invalid user  did not expect [https://www.qaplayground.com/bank] but found [https://www.qaplayground.com/bank]]]>
            </message>
            <full-stacktrace>
              <![CDATA[java.lang.AssertionError: user should not be redirect to Homepage for Invalid user  did not expect [https://www.qaplayground.com/bank] but found [https://www.qaplayground.com/bank]
at org.testng.Assert.fail(Assert.java:111)
at org.testng.Assert.failEquals(Assert.java:1582)
at org.testng.Assert.assertNotEqualsImpl(Assert.java:157)
at org.testng.Assert.assertNotEquals(Assert.java:2201)
at com.securebankdemo.Tests.LoginTestesDDT.testAllInvalidLogins(LoginTestesDDT.java:36)
at java.base/jdk.internal.reflect.NativeMethodAccessorImpl.invoke0(Native Method)
at java.base/jdk.internal.reflect.NativeMethodAccessorImpl.invoke(NativeMethodAccessorImpl.java:62)
at java.base/jdk.internal.reflect.DelegatingMethodAccessorImpl.invoke(DelegatingMethodAccessorImpl.java:43)
at java.base/java.lang.reflect.Method.invoke(Method.java:566)
at org.testng.internal.invokers.MethodInvocationHelper.invokeMethod(MethodInvocationHelper.java:141)
at org.testng.internal.invokers.TestInvoker.invokeMethod(TestInvoker.java:686)
at org.testng.internal.invokers.TestInvoker.invokeTestMethod(TestInvoker.java:230)
at org.testng.internal.invokers.MethodRunner.runInSequence(MethodRunner.java:63)
at org.testng.internal.invokers.TestInvoker$MethodInvocationAgent.invoke(TestInvoker.java:992)
at org.testng.internal.invokers.TestInvoker.invokeTestMethods(TestInvoker.java:203)
at org.testng.internal.invokers.TestMethodWorker.invokeTestMethods(TestMethodWorker.java:154)
at org.testng.internal.invokers.TestMethodWorker.run(TestMethodWorker.java:134)
at java.base/java.util.ArrayList.forEach(ArrayList.java:1541)
at org.testng.TestRunner.privateRun(TestRunner.java:739)
at org.testng.TestRunner.run(TestRunner.java:614)
at org.testng.SuiteRunner.runTest(SuiteRunner.java:421)
at org.testng.SuiteRunner.runSequentially(SuiteRunner.java:413)
at org.testng.SuiteRunner.privateRun(SuiteRunner.java:373)
at org.testng.SuiteRunner.run(SuiteRunner.java:312)
at org.testng.SuiteRunnerWorker.runSuite(SuiteRunnerWorker.java:52)
at org.testng.SuiteRunnerWorker.run(SuiteRunnerWorker.java:95)
at org.testng.TestNG.runSuitesSequentially(TestNG.java:1274)
at org.testng.TestNG.runSuitesLocally(TestNG.java:1208)
at org.testng.TestNG.runSuites(TestNG.java:1112)
at org.testng.TestNG.run(TestNG.java:1079)
at org.apache.maven.surefire.testng.TestNGExecutor.run(TestNGExecutor.java:324)
at org.apache.maven.surefire.testng.TestNGXmlTestSuite.execute(TestNGXmlTestSuite.java:74)
at org.apache.maven.surefire.testng.TestNGProvider.invoke(TestNGProvider.java:123)
at org.apache.maven.surefire.booter.ForkedBooter.runSuitesInProcess(ForkedBooter.java:456)
at org.apache.maven.surefire.booter.ForkedBooter.execute(ForkedBooter.java:169)
at org.apache.maven.surefire.booter.ForkedBooter.run(ForkedBooter.java:595)
at org.apache.maven.surefire.booter.ForkedBooter.main(ForkedBooter.java:581)
]]>
            </full-stacktrace>
          </exception> <!-- java.lang.AssertionError -->
          <reporter-output>
          </reporter-output>
        </test-method> <!-- testAllInvalidLogins -->
        <test-method is-config="true" signature="tearDown()[pri:0, instance:com.securebankdemo.Tests.LoginTestesDDT@78641d23]" started-at="2025-12-06T14:12:09 IST" name="tearDown" finished-at="2025-12-06T14:12:11 IST" duration-ms="1839" status="PASS">
          <reporter-output>
          </reporter-output>
        </test-method> <!-- tearDown -->
        <test-method is-config="true" signature="setUp(java.lang.String)[pri:0, instance:com.securebankdemo.Tests.LoginTestesDDT@78641d23]" started-at="2025-12-06T14:12:11 IST" name="setUp" finished-at="2025-12-06T14:12:18 IST" duration-ms="7191" status="PASS">
          <params>
            <param index="0">
              <value>
                <![CDATA[firefox]]>
              </value>
            </param>
          </params>
          <reporter-output>
          </reporter-output>
        </test-method> <!-- setUp -->
        <test-method signature="testAllInvalidLogins(java.lang.String,java.lang.String,java.lang.String)[pri:0, instance:com.securebankdemo.Tests.LoginTestesDDT@78641d23]" started-at="2025-12-06T14:12:18 IST" name="testAllInvalidLogins" data-provider="logindataByExcel" finished-at="2025-12-06T14:12:23 IST" duration-ms="4893" status="PASS">
          <params>
            <param index="0">
              <value>
                <![CDATA[]]>
              </value>
            </param>
            <param index="1">
              <value>
                <![CDATA[]]>
              </value>
            </param>
            <param index="2">
              <value>
                <![CDATA[]]>
              </value>
            </param>
          </params>
          <reporter-output>
          </reporter-output>
        </test-method> <!-- testAllInvalidLogins -->
        <test-method is-config="true" signature="tearDown()[pri:0, instance:com.securebankdemo.Tests.LoginTestesDDT@78641d23]" started-at="2025-12-06T14:12:23 IST" name="tearDown" finished-at="2025-12-06T14:12:25 IST" duration-ms="1916" status="PASS">
          <reporter-output>
          </reporter-output>
        </test-method> <!-- tearDown -->
        <test-method is-config="true" signature="setUp(java.lang.String)[pri:0, instance:com.securebankdemo.Tests.LoginTestesDDT@78641d23]" started-at="2025-12-06T14:12:25 IST" name="setUp" finished-at="2025-12-06T14:12:32 IST" duration-ms="7107" status="PASS">
          <params>
            <param index="0">
              <value>
                <![CDATA[firefox]]>
              </value>
            </param>
          </params>
          <reporter-output>
          </reporter-output>
        </test-method> <!-- setUp -->
        <test-method signature="testAllInvalidLogins(java.lang.String,java.lang.String,java.lang.String)[pri:0, instance:com.securebankdemo.Tests.LoginTestesDDT@78641d23]" started-at="2025-12-06T14:12:32 IST" name="testAllInvalidLogins" data-provider="logindataByExcel" finished-at="2025-12-06T14:12:37 IST" duration-ms="4742" status="PASS">
          <params>
            <param index="0">
              <value>
                <![CDATA[]]>
              </value>
            </param>
            <param index="1">
              <value>
                <![CDATA[]]>
              </value>
            </param>
            <param index="2">
              <value>
                <![CDATA[]]>
              </value>
            </param>
          </params>
          <reporter-output>
          </reporter-output>
        </test-method> <!-- testAllInvalidLogins -->
        <test-method is-config="true" signature="tearDown()[pri:0, instance:com.securebankdemo.Tests.LoginTestesDDT@78641d23]" started-at="2025-12-06T14:12:37 IST" name="tearDown" finished-at="2025-12-06T14:12:39 IST" duration-ms="1913" status="PASS">
          <reporter-output>
          </reporter-output>
        </test-method> <!-- tearDown -->
        <test-method is-config="true" signature="setUp(java.lang.String)[pri:0, instance:com.securebankdemo.Tests.LoginTestesDDT@78641d23]" started-at="2025-12-06T14:12:39 IST" name="setUp" finished-at="2025-12-06T14:12:46 IST" duration-ms="7466" status="PASS">
          <params>
            <param index="0">
              <value>
                <![CDATA[firefox]]>
              </value>
            </param>
          </params>
          <reporter-output>
          </reporter-output>
        </test-method> <!-- setUp -->
        <test-method signature="testAllInvalidLogins(java.lang.String,java.lang.String,java.lang.String)[pri:0, instance:com.securebankdemo.Tests.LoginTestesDDT@78641d23]" started-at="2025-12-06T14:12:46 IST" name="testAllInvalidLogins" data-provider="logindataByExcel" finished-at="2025-12-06T14:12:51 IST" duration-ms="4883" status="PASS">
          <params>
            <param index="0">
              <value>
                <![CDATA[]]>
              </value>
            </param>
            <param index="1">
              <value>
                <![CDATA[]]>
              </value>
            </param>
            <param index="2">
              <value>
                <![CDATA[]]>
              </value>
            </param>
          </params>
          <reporter-output>
          </reporter-output>
        </test-method> <!-- testAllInvalidLogins -->
        <test-method is-config="true" signature="tearDown()[pri:0, instance:com.securebankdemo.Tests.LoginTestesDDT@78641d23]" started-at="2025-12-06T14:12:51 IST" name="tearDown" finished-at="2025-12-06T14:12:53 IST" duration-ms="1664" status="PASS">
          <reporter-output>
          </reporter-output>
        </test-method> <!-- tearDown -->
        <test-method is-config="true" signature="setUp(java.lang.String)[pri:0, instance:com.securebankdemo.Tests.LoginTestesDDT@78641d23]" started-at="2025-12-06T14:12:53 IST" name="setUp" finished-at="2025-12-06T14:13:00 IST" duration-ms="7095" status="PASS">
          <params>
            <param index="0">
              <value>
                <![CDATA[firefox]]>
              </value>
            </param>
          </params>
          <reporter-output>
          </reporter-output>
        </test-method> <!-- setUp -->
        <test-method signature="testAllInvalidLogins(java.lang.String,java.lang.String,java.lang.String)[pri:0, instance:com.securebankdemo.Tests.LoginTestesDDT@78641d23]" started-at="2025-12-06T14:13:00 IST" name="testAllInvalidLogins" data-provider="logindataByExcel" finished-at="2025-12-06T14:13:05 IST" duration-ms="4906" status="PASS">
          <params>
            <param index="0">
              <value>
                <![CDATA[]]>
              </value>
            </param>
            <param index="1">
              <value>
                <![CDATA[]]>
              </value>
            </param>
            <param index="2">
              <value>
                <![CDATA[]]>
              </value>
            </param>
          </params>
          <reporter-output>
          </reporter-output>
        </test-method> <!-- testAllInvalidLogins -->
        <test-method is-config="true" signature="tearDown()[pri:0, instance:com.securebankdemo.Tests.LoginTestesDDT@78641d23]" started-at="2025-12-06T14:13:05 IST" name="tearDown" finished-at="2025-12-06T14:13:11 IST" duration-ms="6228" status="PASS">
          <reporter-output>
          </reporter-output>
        </test-method> <!-- tearDown -->
      </class> <!-- com.securebankdemo.Tests.LoginTestesDDT -->
      <class name="com.securebankdemo.Tests.LoginTestes">
        <test-method is-config="true" signature="setUp(java.lang.String)[pri:0, instance:com.securebankdemo.Tests.LoginTestes@c7ba306]" started-at="2025-12-06T14:10:53 IST" name="setUp" finished-at="2025-12-06T14:11:04 IST" duration-ms="10978" status="PASS">
          <params>
            <param index="0">
              <value>
                <![CDATA[firefox]]>
              </value>
            </param>
          </params>
          <reporter-output>
          </reporter-output>
        </test-method> <!-- setUp -->
        <test-method signature="testValidLogin()[pri:0, instance:com.securebankdemo.Tests.LoginTestes@c7ba306]" started-at="2025-12-06T14:11:04 IST" name="testValidLogin" finished-at="2025-12-06T14:11:09 IST" duration-ms="4911" status="PASS">
          <reporter-output>
          </reporter-output>
        </test-method> <!-- testValidLogin -->
        <test-method is-config="true" signature="tearDown()[pri:0, instance:com.securebankdemo.Tests.LoginTestes@c7ba306]" started-at="2025-12-06T14:11:09 IST" name="tearDown" finished-at="2025-12-06T14:11:11 IST" duration-ms="2150" status="PASS">
          <reporter-output>
          </reporter-output>
        </test-method> <!-- tearDown -->
      </class> <!-- com.securebankdemo.Tests.LoginTestes -->
    </test> <!-- Test -->
  </suite> <!-- Suite -->
</testng-results>
