<?xml version="1.0" encoding="UTF-8"?>
<testng-results ignored="0" total="2" passed="2" failed="0" skipped="0">
  <reporter-output>
  </reporter-output>
  <suite started-at="2025-12-06T14:56:17 IST" name="Suite" finished-at="2025-12-06T14:56:36 IST" duration-ms="18547">
    <groups>
    </groups>
    <test started-at="2025-12-06T14:56:17 IST" name="Login Tests chrome" finished-at="2025-12-06T14:56:31 IST" duration-ms="13644">
      <class name="com.securebankdemo.Tests.LoginTestes">
        <test-method is-config="true" signature="setUp(java.lang.String)[pri:0, instance:com.securebankdemo.Tests.LoginTestes@c7ba306]" started-at="2025-12-06T14:56:17 IST" name="setUp" finished-at="2025-12-06T14:56:25 IST" duration-ms="7208" status="PASS">
          <params>
            <param index="0">
              <value>
                <![CDATA[chrome]]>
              </value>
            </param>
          </params>
          <reporter-output>
          </reporter-output>
        </test-method> <!-- setUp -->
        <test-method signature="testValidLogin()[pri:0, instance:com.securebankdemo.Tests.LoginTestes@c7ba306]" started-at="2025-12-06T14:56:25 IST" name="testValidLogin" finished-at="2025-12-06T14:56:31 IST" duration-ms="5877" status="PASS">
          <reporter-output>
          </reporter-output>
        </test-method> <!-- testValidLogin -->
        <test-method is-config="true" signature="tearDown()[pri:0, instance:com.securebankdemo.Tests.LoginTestes@c7ba306]" started-at="2025-12-06T14:56:31 IST" name="tearDown" finished-at="2025-12-06T14:56:31 IST" duration-ms="460" status="PASS">
          <reporter-output>
          </reporter-output>
        </test-method> <!-- tearDown -->
      </class> <!-- com.securebankdemo.Tests.LoginTestes -->
    </test> <!-- Login Tests chrome -->
    <test started-at="2025-12-06T14:56:17 IST" name="Login Tests firefox" finished-at="2025-12-06T14:56:36 IST" duration-ms="18546">
      <class name="com.securebankdemo.Tests.LoginTestes">
        <test-method is-config="true" signature="setUp(java.lang.String)[pri:0, instance:com.securebankdemo.Tests.LoginTestes@1c33c17b]" started-at="2025-12-06T14:56:17 IST" name="setUp" finished-at="2025-12-06T14:56:29 IST" duration-ms="11310" status="PASS">
          <params>
            <param index="0">
              <value>
                <![CDATA[firefox]]>
              </value>
            </param>
          </params>
          <reporter-output>
          </reporter-output>
        </test-method> <!-- setUp -->
        <test-method signature="testValidLogin()[pri:0, instance:com.securebankdemo.Tests.LoginTestes@1c33c17b]" started-at="2025-12-06T14:56:29 IST" name="testValidLogin" finished-at="2025-12-06T14:56:34 IST" duration-ms="5324" status="PASS">
          <reporter-output>
          </reporter-output>
        </test-method> <!-- testValidLogin -->
        <test-method is-config="true" signature="tearDown()[pri:0, instance:com.securebankdemo.Tests.LoginTestes@1c33c17b]" started-at="2025-12-06T14:56:34 IST" name="tearDown" finished-at="2025-12-06T14:56:36 IST" duration-ms="1839" status="PASS">
          <reporter-output>
          </reporter-output>
        </test-method> <!-- tearDown -->
      </class> <!-- com.securebankdemo.Tests.LoginTestes -->
    </test> <!-- Login Tests firefox -->
  </suite> <!-- Suite -->
</testng-results>
