<?xml version="1.0" encoding="UTF-8"?>
<testng-results ignored="0" total="2" passed="2" failed="0" skipped="0">
  <reporter-output>
  </reporter-output>
  <suite started-at="2025-12-15T17:56:04 IST" name="Suite" finished-at="2025-12-15T17:56:21 IST" duration-ms="17027">
    <groups>
    </groups>
    <test started-at="2025-12-15T17:56:04 IST" name="Login Tests" finished-at="2025-12-15T17:56:21 IST" duration-ms="17027">
      <class name="com.securebankdemo.Tests.DashboardTests">
        <test-method is-config="true" signature="setUp(java.lang.String)[pri:0, instance:com.securebankdemo.Tests.DashboardTests@ca30bc1]" started-at="2025-12-15T17:56:04 IST" name="setUp" finished-at="2025-12-15T17:56:11 IST" duration-ms="6512" status="PASS">
          <params>
            <param index="0">
              <value>
                <![CDATA[chrome]]>
              </value>
            </param>
          </params>
          <reporter-output>
          </reporter-output>
        </test-method> <!-- setUp -->
        <test-method signature="ValidateAccountCreation()[pri:0, instance:com.securebankdemo.Tests.DashboardTests@ca30bc1]" started-at="2025-12-15T17:56:11 IST" name="ValidateAccountCreation" finished-at="2025-12-15T17:56:20 IST" duration-ms="9330" status="PASS">
          <reporter-output>
          </reporter-output>
        </test-method> <!-- ValidateAccountCreation -->
        <test-method is-config="true" signature="tearDown()[pri:0, instance:com.securebankdemo.Tests.DashboardTests@ca30bc1]" started-at="2025-12-15T17:56:20 IST" name="tearDown" finished-at="2025-12-15T17:56:21 IST" duration-ms="1136" status="PASS">
          <reporter-output>
          </reporter-output>
        </test-method> <!-- tearDown -->
      </class> <!-- com.securebankdemo.Tests.DashboardTests -->
      <class name="com.securebankdemo.Tests.LoginTestes">
        <test-method is-config="true" signature="setUp(java.lang.String)[pri:0, instance:com.securebankdemo.Tests.LoginTestes@6d167f58]" started-at="2025-12-15T17:56:04 IST" name="setUp" finished-at="2025-12-15T17:56:11 IST" duration-ms="6413" status="PASS">
          <params>
            <param index="0">
              <value>
                <![CDATA[chrome]]>
              </value>
            </param>
          </params>
          <reporter-output>
          </reporter-output>
        </test-method> <!-- setUp -->
        <test-method signature="ValidateLoginForValidUser()[pri:0, instance:com.securebankdemo.Tests.LoginTestes@6d167f58]" started-at="2025-12-15T17:56:11 IST" name="ValidateLoginForValidUser" finished-at="2025-12-15T17:56:16 IST" duration-ms="5000" status="PASS">
          <reporter-output>
          </reporter-output>
        </test-method> <!-- ValidateLoginForValidUser -->
        <test-method is-config="true" signature="tearDown()[pri:0, instance:com.securebankdemo.Tests.LoginTestes@6d167f58]" started-at="2025-12-15T17:56:16 IST" name="tearDown" finished-at="2025-12-15T17:56:16 IST" duration-ms="261" status="PASS">
          <reporter-output>
          </reporter-output>
        </test-method> <!-- tearDown -->
      </class> <!-- com.securebankdemo.Tests.LoginTestes -->
    </test> <!-- Login Tests -->
  </suite> <!-- Suite -->
</testng-results>
