<?xml version="1.0" encoding="UTF-8"?>
<testng-results ignored="0" total="4" passed="4" failed="0" skipped="0">
  <reporter-output>
  </reporter-output>
  <suite started-at="2025-12-12T15:09:22 IST" name="Default suite" finished-at="2025-12-12T15:09:49 IST" duration-ms="26868">
    <groups>
    </groups>
    <test started-at="2025-12-12T15:09:22 IST" name="Default test" finished-at="2025-12-12T15:09:49 IST" duration-ms="26868">
      <class name="com.securebankdemo.Tests.LoginTestesDDT">
        <test-method is-config="true" signature="setUp(java.lang.String)[pri:0, instance:com.securebankdemo.Tests.LoginTestesDDT@194bcebf]" started-at="2025-12-12T15:09:22 IST" name="setUp" finished-at="2025-12-12T15:09:39 IST" duration-ms="17452" status="PASS">
          <params>
            <param index="0">
              <value is-null="true"/>
            </param>
          </params>
          <reporter-output>
          </reporter-output>
        </test-method> <!-- setUp -->
        <test-method is-config="true" signature="setUp(java.lang.String)[pri:0, instance:com.securebankdemo.Tests.LoginTestesDDT@194bcebf]" started-at="2025-12-12T15:09:22 IST" name="setUp" finished-at="2025-12-12T15:09:41 IST" duration-ms="19463" status="PASS">
          <params>
            <param index="0">
              <value is-null="true"/>
            </param>
          </params>
          <reporter-output>
          </reporter-output>
        </test-method> <!-- setUp -->
        <test-method is-config="true" signature="setUp(java.lang.String)[pri:0, instance:com.securebankdemo.Tests.LoginTestesDDT@194bcebf]" started-at="2025-12-12T15:09:22 IST" name="setUp" finished-at="2025-12-12T15:09:39 IST" duration-ms="17030" status="PASS">
          <params>
            <param index="0">
              <value is-null="true"/>
            </param>
          </params>
          <reporter-output>
          </reporter-output>
        </test-method> <!-- setUp -->
        <test-method is-config="true" signature="setUp(java.lang.String)[pri:0, instance:com.securebankdemo.Tests.LoginTestesDDT@194bcebf]" started-at="2025-12-12T15:09:22 IST" name="setUp" finished-at="2025-12-12T15:09:41 IST" duration-ms="19582" status="PASS">
          <params>
            <param index="0">
              <value is-null="true"/>
            </param>
          </params>
          <reporter-output>
          </reporter-output>
        </test-method> <!-- setUp -->
        <test-method signature="testAllInvalidLogins(java.lang.String,java.lang.String,java.lang.String)[pri:0, instance:com.securebankdemo.Tests.LoginTestesDDT@194bcebf]" started-at="2025-12-12T15:09:39 IST" name="testAllInvalidLogins" data-provider="logindata" finished-at="2025-12-12T15:09:48 IST" duration-ms="9231" status="PASS">
          <params>
            <param index="0">
              <value>
                <![CDATA[admin]]>
              </value>
            </param>
            <param index="1">
              <value>
                <![CDATA[admin123]]>
              </value>
            </param>
            <param index="2">
              <value>
                <![CDATA[success]]>
              </value>
            </param>
          </params>
          <reporter-output>
          </reporter-output>
        </test-method> <!-- testAllInvalidLogins -->
        <test-method signature="testAllInvalidLogins(java.lang.String,java.lang.String,java.lang.String)[pri:0, instance:com.securebankdemo.Tests.LoginTestesDDT@194bcebf]" started-at="2025-12-12T15:09:39 IST" name="testAllInvalidLogins" data-provider="logindata" finished-at="2025-12-12T15:09:48 IST" duration-ms="8992" status="PASS">
          <params>
            <param index="0">
              <value>
                <![CDATA[swathi]]>
              </value>
            </param>
            <param index="1">
              <value>
                <![CDATA[admin123]]>
              </value>
            </param>
            <param index="2">
              <value>
                <![CDATA[falied]]>
              </value>
            </param>
          </params>
          <reporter-output>
          </reporter-output>
        </test-method> <!-- testAllInvalidLogins -->
        <test-method signature="testAllInvalidLogins(java.lang.String,java.lang.String,java.lang.String)[pri:0, instance:com.securebankdemo.Tests.LoginTestesDDT@194bcebf]" started-at="2025-12-12T15:09:41 IST" name="testAllInvalidLogins" data-provider="logindata" finished-at="2025-12-12T15:09:47 IST" duration-ms="5817" status="PASS">
          <params>
            <param index="0">
              <value>
                <![CDATA[koushik]]>
              </value>
            </param>
            <param index="1">
              <value>
                <![CDATA[admim1234]]>
              </value>
            </param>
            <param index="2">
              <value>
                <![CDATA[falied]]>
              </value>
            </param>
          </params>
          <reporter-output>
          </reporter-output>
        </test-method> <!-- testAllInvalidLogins -->
        <test-method signature="testAllInvalidLogins(java.lang.String,java.lang.String,java.lang.String)[pri:0, instance:com.securebankdemo.Tests.LoginTestesDDT@194bcebf]" started-at="2025-12-12T15:09:41 IST" name="testAllInvalidLogins" data-provider="logindata" finished-at="2025-12-12T15:09:48 IST" duration-ms="6564" status="PASS">
          <params>
            <param index="0">
              <value>
                <![CDATA[]]>
              </value>
            </param>
            <param index="1">
              <value>
                <![CDATA[]]>
              </value>
            </param>
            <param index="2">
              <value>
                <![CDATA[empty]]>
              </value>
            </param>
          </params>
          <reporter-output>
          </reporter-output>
        </test-method> <!-- testAllInvalidLogins -->
        <test-method is-config="true" signature="tearDown()[pri:0, instance:com.securebankdemo.Tests.LoginTestesDDT@194bcebf]" started-at="2025-12-12T15:09:47 IST" name="tearDown" finished-at="2025-12-12T15:09:48 IST" duration-ms="614" status="PASS">
          <reporter-output>
          </reporter-output>
        </test-method> <!-- tearDown -->
        <test-method is-config="true" signature="tearDown()[pri:0, instance:com.securebankdemo.Tests.LoginTestesDDT@194bcebf]" started-at="2025-12-12T15:09:48 IST" name="tearDown" finished-at="2025-12-12T15:09:48 IST" duration-ms="371" status="PASS">
          <reporter-output>
          </reporter-output>
        </test-method> <!-- tearDown -->
        <test-method is-config="true" signature="tearDown()[pri:0, instance:com.securebankdemo.Tests.LoginTestesDDT@194bcebf]" started-at="2025-12-12T15:09:48 IST" name="tearDown" finished-at="2025-12-12T15:09:48 IST" duration-ms="441" status="PASS">
          <reporter-output>
          </reporter-output>
        </test-method> <!-- tearDown -->
        <test-method is-config="true" signature="tearDown()[pri:0, instance:com.securebankdemo.Tests.LoginTestesDDT@194bcebf]" started-at="2025-12-12T15:09:48 IST" name="tearDown" finished-at="2025-12-12T15:09:49 IST" duration-ms="368" status="PASS">
          <reporter-output>
          </reporter-output>
        </test-method> <!-- tearDown -->
      </class> <!-- com.securebankdemo.Tests.LoginTestesDDT -->
    </test> <!-- Default test -->
  </suite> <!-- Default suite -->
</testng-results>
