<?xml version="1.0" encoding="UTF-8"?>
<!-- Generated by org.testng.reporters.JUnitReportReporter -->
<testsuite hostname="DESKTOP-K0ONJ7J" failures="0" tests="4" name="com.securebankdemo.Tests.LoginTestesDDT" time="105.925" errors="0" timestamp="2025-12-12T15:09:49 IST" skipped="0">
  <testcase classname="com.securebankdemo.Tests.LoginTestesDDT" name="testAllInvalidLogins" time="23.637"/>
  <system-out/>
  <testcase classname="com.securebankdemo.Tests.LoginTestesDDT" name="testAllInvalidLogins" time="29.069"/>
  <system-out/>
  <testcase classname="com.securebankdemo.Tests.LoginTestesDDT" name="testAllInvalidLogins" time="24.035"/>
  <system-out/>
  <testcase classname="com.securebankdemo.Tests.LoginTestesDDT" name="testAllInvalidLogins" time="29.184"/>
  <system-out/>
</testsuite> <!-- com.securebankdemo.Tests.LoginTestesDDT -->
