<?xml version="1.0" encoding="UTF-8"?>
<!-- Generated by org.testng.reporters.JUnitReportReporter -->
<testsuite hostname="DESKTOP-K0ONJ7J" failures="0" tests="2" name="com.securebankdemo.Tests.LoginTestes" time="32.018" errors="0" timestamp="2025-12-06T14:56:36 IST" skipped="0">
  <testcase classname="com.securebankdemo.Tests.LoginTestes" name="testValidLogin" time="13.545"/>
  <system-out/>
  <testcase classname="com.securebankdemo.Tests.LoginTestes" name="testValidLogin" time="18.473"/>
  <system-out/>
</testsuite> <!-- com.securebankdemo.Tests.LoginTestes -->
